[2022-03-29 15:12:54.060] [exthost] [info] Extension host with pid 18973 started
[2022-03-29 15:12:54.062] [exthost] [error] Error: EEXIST: file already exists, open '/root/.vscode-server/data/User/workspaceStorage/cb72ab25f1f001a40063561f16c52dd4/vscode.lock'
[2022-03-29 15:12:54.064] [exthost] [info] Lock '/root/.vscode-server/data/User/workspaceStorage/cb72ab25f1f001a40063561f16c52dd4/vscode.lock': Could not acquire lock, checking if the file is stale.
[2022-03-29 15:12:54.069] [exthost] [info] Lock '/root/.vscode-server/data/User/workspaceStorage/cb72ab25f1f001a40063561f16c52dd4/vscode.lock': The lock does not look stale, elapsed: 471 ms, giving up.
[2022-03-29 15:12:54.075] [exthost] [info] Lock '/root/.vscode-server/data/User/workspaceStorage/cb72ab25f1f001a40063561f16c52dd4-1/vscode.lock': Lock acquired.
[2022-03-29 15:12:54.182] [exthost] [info] ExtensionService#_doActivateExtension ms-python.python, startup: false, activationEvent: 'onLanguage:python', root cause: ms-python.vscode-pylance
[2022-03-29 15:12:54.437] [exthost] [info] ExtensionService#_doActivateExtension ms-toolsai.jupyter, startup: false, activationEvent: 'onLanguage:python'
[2022-03-29 15:12:54.933] [exthost] [info] ExtensionService#_doActivateExtension vscode.debug-auto-launch, startup: true, activationEvent: '*'
[2022-03-29 15:12:54.937] [exthost] [info] ExtensionService#_doActivateExtension vscode.git-base, startup: true, activationEvent: '*', root cause: vscode.github
[2022-03-29 15:12:54.942] [exthost] [info] ExtensionService#_doActivateExtension vscode.ipynb, startup: true, activationEvent: '*'
[2022-03-29 15:12:55.094] [exthost] [info] ExtensionService#_doActivateExtension vscode.git, startup: true, activationEvent: '*'
[2022-03-29 15:12:55.171] [exthost] [info] ExtensionService#_doActivateExtension vscode.github, startup: true, activationEvent: '*'
[2022-03-29 15:12:55.591] [exthost] [info] ExtensionService#_doActivateExtension ms-toolsai.jupyter-renderers, startup: false, activationEvent: 'api', root cause: ms-toolsai.jupyter
[2022-03-29 15:12:55.646] [exthost] [info] ExtensionService#_doActivateExtension vscode.emmet, startup: false, activationEvent: 'onStartupFinished'
[2022-03-29 15:12:55.666] [exthost] [info] ExtensionService#_doActivateExtension vscode.merge-conflict, startup: false, activationEvent: 'onStartupFinished'
[2022-03-29 15:12:55.670] [exthost] [info] Eager extensions activated
[2022-03-29 15:12:55.983] [exthost] [info] ExtensionService#_doActivateExtension ms-python.vscode-pylance, startup: false, activationEvent: 'onLanguage:python'
[2022-03-29 22:41:32.019] [exthost] [info] extension host terminating: renderer disconnected for too long (1)
[2022-03-29 22:41:32.020] [exthost] [info] Lock '/root/.vscode-server/data/User/workspaceStorage/cb72ab25f1f001a40063561f16c52dd4-1/vscode.lock': Marking the lockfile as scheduled to be released in 6000 ms.
[2022-03-29 22:41:32.043] [exthost] [info] Extension host with pid 18973 exiting with code 0
