[2022-03-29T02:53:46.384Z] Validating found git in: git
[2022-03-29T02:53:46.418Z] Using git 2.17.1 from git
[2022-03-29T02:53:46.444Z] > git rev-parse --git-dir [2ms]
[2022-03-29T02:53:46.453Z] Open repository: /root/retrowrite
[2022-03-29T02:53:46.618Z] > git symbolic-ref --short HEAD [42ms]
[2022-03-29T02:53:46.625Z] > git for-each-ref --format=%(refname)%00%(upstream:short)%00%(objectname)%00%(upstream:track) refs/heads/master refs/remotes/master [2ms]
[2022-03-29T02:53:46.641Z] > git remote --verbose [3ms]
[2022-03-29T02:53:46.642Z] > git for-each-ref --sort -committerdate --format %(refname) %(objectname) %(*objectname) [12ms]
[2022-03-29T02:53:46.670Z] > git config --get commit.template [1ms]
[2022-03-29T02:53:47.186Z] > git rev-parse --git-dir [1ms]
[2022-03-29T02:53:47.189Z] Open repository: /root/retrowrite/third-party/capstone
[2022-03-29T02:53:47.211Z] > git symbolic-ref --short HEAD [1ms]
[2022-03-29T02:53:47.211Z] fatal: ref HEAD is not a symbolic ref
[2022-03-29T02:53:47.221Z] > git rev-parse HEAD [3ms]
[2022-03-29T02:53:47.238Z] > git remote --verbose [1ms]
[2022-03-29T02:53:47.239Z] > git for-each-ref --sort -committerdate --format %(refname) %(objectname) %(*objectname) [12ms]
[2022-03-29T02:53:47.249Z] > git config --get commit.template [1ms]
[2022-03-29T02:54:17.582Z] > git ls-files --stage -- /root/retrowrite/retrowrite_arm64 [2ms]
[2022-03-29T02:54:17.592Z] > git cat-file -s 180149adab4ba3ab3b1838ba474e4ec4b7a31317 [2ms]
[2022-03-29T03:03:20.659Z] > git ls-files --stage -- /root/retrowrite/retrowrite_x64 [2ms]
[2022-03-29T03:03:20.669Z] > git cat-file -s 69f3991069728e166d5e534e2c6adb8bd29bfd0f [2ms]
[2022-03-29T03:03:23.363Z] > git ls-files --stage -- /root/retrowrite/retrowrite_arm64 [2ms]
[2022-03-29T03:03:23.370Z] > git cat-file -s 180149adab4ba3ab3b1838ba474e4ec4b7a31317 [1ms]
[2022-03-29T03:04:19.968Z] > git ls-files --stage -- /root/retrowrite/librw_arm64/emulation.py [2ms]
[2022-03-29T03:04:19.975Z] > git cat-file -s 08c2535fb28c80d2c7fd164b4c764939cb8847d2 [2ms]
[2022-03-29T03:06:19.296Z] > git ls-files --stage -- /root/retrowrite/librw_arm64/container.py [4ms]
[2022-03-29T03:06:19.303Z] > git cat-file -s c2fbdf5ed17463c4b0c452615b7250eec0ff7dc9 [1ms]
[2022-03-29T03:06:20.557Z] > git ls-files --stage -- /root/retrowrite/librw_arm64/disasm.py [2ms]
[2022-03-29T03:06:20.565Z] > git cat-file -s 5327f94cca157df36defe759c4d8407631745348 [3ms]
[2022-03-29T03:06:25.339Z] > git ls-files --stage -- /root/retrowrite/librw_arm64/container.py [5ms]
[2022-03-29T03:06:25.350Z] > git cat-file -s c2fbdf5ed17463c4b0c452615b7250eec0ff7dc9 [6ms]
[2022-03-29T03:06:36.879Z] > git ls-files --stage -- /root/retrowrite/librw_arm64/util/arm_util.py [2ms]
[2022-03-29T03:06:36.886Z] > git cat-file -s 1a3317fc0d48bb01537ac000d6f734135ebd36c4 [1ms]
[2022-03-29T03:20:52.102Z] > git ls-files --stage -- /root/retrowrite/librw_arm64/container.py [2ms]
[2022-03-29T03:20:52.115Z] > git cat-file -s c2fbdf5ed17463c4b0c452615b7250eec0ff7dc9 [7ms]
[2022-03-29T03:24:59.234Z] > git log --format=%H%n%aN%n%aE%n%at%n%ct%n%P%n%B -z -n21 -- /root/retrowrite/librw_arm64/container.py [2ms]
[2022-03-29T03:29:20.950Z] > git ls-files --stage -- /root/retrowrite/retrowrite [2ms]
[2022-03-29T03:29:20.958Z] > git cat-file -s 3cdf19b6f823a805d85d5c8c300ae23b6ddeada0 [1ms]
[2022-03-29T03:30:55.292Z] > git ls-files --stage -- /root/retrowrite/librw_arm64/container.py [5ms]
[2022-03-29T03:30:55.300Z] > git cat-file -s c2fbdf5ed17463c4b0c452615b7250eec0ff7dc9 [2ms]
