[2022-03-31 11:05:23.965] [exthost] [info] Extension host with pid 21970 started
[2022-03-31 11:05:23.975] [exthost] [info] Lock '/root/.vscode-server/data/User/workspaceStorage/cb72ab25f1f001a40063561f16c52dd4/vscode.lock': Lock acquired.
[2022-03-31 11:05:26.309] [exthost] [info] ExtensionService#_doActivateExtension ms-python.python, startup: false, activationEvent: 'onLanguage:python', root cause: ms-python.vscode-pylance
[2022-03-31 11:05:26.566] [exthost] [info] ExtensionService#_doActivateExtension ms-toolsai.jupyter, startup: false, activationEvent: 'onLanguage:python'
[2022-03-31 11:05:27.060] [exthost] [info] ExtensionService#_doActivateExtension vscode.debug-auto-launch, startup: true, activationEvent: '*'
[2022-03-31 11:05:27.065] [exthost] [info] ExtensionService#_doActivateExtension vscode.git-base, startup: true, activationEvent: '*', root cause: vscode.github
[2022-03-31 11:05:27.070] [exthost] [info] ExtensionService#_doActivateExtension vscode.ipynb, startup: true, activationEvent: '*'
[2022-03-31 11:05:27.209] [exthost] [info] ExtensionService#_doActivateExtension vscode.git, startup: true, activationEvent: '*'
[2022-03-31 11:05:27.285] [exthost] [info] ExtensionService#_doActivateExtension vscode.github, startup: true, activationEvent: '*'
[2022-03-31 11:05:27.870] [exthost] [info] ExtensionService#_doActivateExtension ms-toolsai.jupyter-renderers, startup: false, activationEvent: 'api', root cause: ms-toolsai.jupyter
[2022-03-31 11:05:27.926] [exthost] [info] ExtensionService#_doActivateExtension vscode.emmet, startup: false, activationEvent: 'onStartupFinished'
[2022-03-31 11:05:27.946] [exthost] [info] ExtensionService#_doActivateExtension vscode.merge-conflict, startup: false, activationEvent: 'onStartupFinished'
[2022-03-31 11:05:27.950] [exthost] [info] Eager extensions activated
[2022-03-31 11:05:28.228] [exthost] [info] ExtensionService#_doActivateExtension ms-python.vscode-pylance, startup: false, activationEvent: 'onLanguage:python'
[2022-03-31 11:06:36.345] [exthost] [info] ExtensionService#_doActivateExtension vscode.configuration-editing, startup: false, activationEvent: 'onLanguage:json'
[2022-03-31 11:06:36.352] [exthost] [info] ExtensionService#_doActivateExtension vscode.extension-editing, startup: false, activationEvent: 'onLanguage:json'
[2022-03-31 11:06:36.370] [exthost] [info] ExtensionService#_doActivateExtension vscode.json-language-features, startup: false, activationEvent: 'onLanguage:json'
[2022-03-31 11:06:36.444] [exthost] [info] ExtensionService#_doActivateExtension vscode.npm, startup: false, activationEvent: 'onLanguage:json'
[2022-04-01 03:38:57.648] [exthost] [info] extension host terminating: renderer disconnected for too long (1)
[2022-04-01 03:38:57.648] [exthost] [info] Lock '/root/.vscode-server/data/User/workspaceStorage/cb72ab25f1f001a40063561f16c52dd4/vscode.lock': Marking the lockfile as scheduled to be released in 6000 ms.
[2022-04-01 03:38:57.686] [exthost] [info] Extension host with pid 21970 exiting with code 0
