[2022-03-22T07:20:55.957Z] Validating found git in: git
[2022-03-22T07:20:55.998Z] Using git 2.17.1 from git
[2022-03-22T07:20:56.068Z] > git rev-parse --git-dir [20ms]
[2022-03-22T07:20:56.077Z] Open repository: /root/retrowrite
[2022-03-22T07:20:56.128Z] > git symbolic-ref --short HEAD [1ms]
[2022-03-22T07:20:56.133Z] > git for-each-ref --format=%(refname)%00%(upstream:short)%00%(objectname)%00%(upstream:track) refs/heads/master refs/remotes/master [2ms]
[2022-03-22T07:20:56.144Z] > git remote --verbose [2ms]
[2022-03-22T07:20:56.145Z] > git for-each-ref --sort -committerdate --format %(refname) %(objectname) %(*objectname) [8ms]
[2022-03-22T07:20:56.154Z] > git config --get commit.template [1ms]
[2022-03-22T07:20:56.659Z] > git rev-parse --git-dir [1ms]
[2022-03-22T07:20:56.662Z] Open repository: /root/retrowrite/third-party/capstone
[2022-03-22T07:20:56.676Z] > git symbolic-ref --short HEAD [1ms]
[2022-03-22T07:20:56.676Z] fatal: ref HEAD is not a symbolic ref
[2022-03-22T07:20:56.681Z] > git rev-parse HEAD [1ms]
[2022-03-22T07:20:56.689Z] > git for-each-ref --sort -committerdate --format %(refname) %(objectname) %(*objectname) [4ms]
[2022-03-22T07:20:56.691Z] > git remote --verbose [3ms]
[2022-03-22T07:20:56.698Z] > git config --get commit.template [1ms]
[2022-03-22T07:21:14.134Z] > git ls-files --stage -- /root/retrowrite/retro/bin/retrowrite [2ms]
[2022-03-22T07:21:47.025Z] > git ls-files --stage -- /root/retrowrite/retro/bin/retrowrite [2ms]
[2022-03-22T07:22:32.818Z] > git symbolic-ref --short HEAD [1ms]
[2022-03-22T07:22:32.827Z] > git for-each-ref --format=%(refname)%00%(upstream:short)%00%(objectname)%00%(upstream:track) refs/heads/master refs/remotes/master [2ms]
[2022-03-22T07:22:32.843Z] > git remote --verbose [2ms]
[2022-03-22T07:22:32.844Z] > git for-each-ref --sort -committerdate --format %(refname) %(objectname) %(*objectname) [12ms]
[2022-03-22T07:22:32.857Z] > git config --get commit.template [1ms]
[2022-03-22T07:25:32.624Z] > git ls-files --stage -- /root/retrowrite/retro/bin/retrowrite [1ms]
[2022-03-22T07:25:49.513Z] > git symbolic-ref --short HEAD [1ms]
[2022-03-22T07:25:49.520Z] > git for-each-ref --format=%(refname)%00%(upstream:short)%00%(objectname)%00%(upstream:track) refs/heads/master refs/remotes/master [0ms]
[2022-03-22T07:25:49.536Z] > git remote --verbose [2ms]
[2022-03-22T07:25:49.536Z] > git for-each-ref --sort -committerdate --format %(refname) %(objectname) %(*objectname) [11ms]
[2022-03-22T07:25:49.545Z] > git config --get commit.template [1ms]
[2022-03-22T07:32:52.273Z] > git symbolic-ref --short HEAD [0ms]
[2022-03-22T07:32:52.280Z] > git for-each-ref --format=%(refname)%00%(upstream:short)%00%(objectname)%00%(upstream:track) refs/heads/master refs/remotes/master [1ms]
[2022-03-22T07:32:52.296Z] > git remote --verbose [2ms]
[2022-03-22T07:32:52.297Z] > git for-each-ref --sort -committerdate --format %(refname) %(objectname) %(*objectname) [12ms]
[2022-03-22T07:32:52.305Z] > git config --get commit.template [0ms]
[2022-03-22T07:32:57.357Z] > git symbolic-ref --short HEAD [1ms]
[2022-03-22T07:32:57.363Z] > git for-each-ref --format=%(refname)%00%(upstream:short)%00%(objectname)%00%(upstream:track) refs/heads/master refs/remotes/master [1ms]
[2022-03-22T07:32:57.379Z] > git remote --verbose [1ms]
[2022-03-22T07:32:57.379Z] > git for-each-ref --sort -committerdate --format %(refname) %(objectname) %(*objectname) [10ms]
[2022-03-22T07:32:57.387Z] > git config --get commit.template [0ms]
